Started GET "/" for ::1 at 2020-09-10 18:58:00 -0700
DEPRECATION WARNING: ActiveRecord::Base.raise_in_transactional_callbacks= is deprecated, has no effect and will be removed without replacement. (called from block (3 levels) in <class:Railtie> at /Users/michaelcastanieto/.rbenv/versions/2.5.1/lib/ruby/gems/2.5.0/gems/activerecord-5.0.7.2/lib/active_record/railtie.rb:113)
Processing by StaticPagesController#index as HTML
  Rendering static_pages/index.html.erb within layouts/application
  Rendered shared/_main_nav.html.erb (0.2ms)
  Rendered shared/_masthead.html.erb (0.1ms)
  Rendered shared/_sections_nav.html.erb (0.1ms)
  Rendered shared/_search_modal.html.erb (0.1ms)
  Rendered shared/_main_content.html.erb (0.1ms)
  Rendered static_pages/index.html.erb within layouts/application (8.3ms)
Completed 200 OK in 349ms (Views: 347.0ms | ActiveRecord: 0.0ms)


Started GET "/assets/application.self-6657372e672f842ac12dc05cdee8caeee3c002a2b28794043fe4f27abc75428f.css?body=1" for ::1 at 2020-09-10 18:58:01 -0700
Started GET "/assets/jquery.self-bd7ddd393353a8d2480a622e80342adf488fb6006d667e8b42e4c0073393abee.js?body=1" for ::1 at 2020-09-10 18:58:01 -0700
Started GET "/assets/jquery_ujs.self-784a997f6726036b1993eb2217c9cb558e1cbb801c6da88105588c56f13b466a.js?body=1" for ::1 at 2020-09-10 18:58:01 -0700
Started GET "/assets/components/dropdown.self-815016af6fab1d5b72abd319213bf62f0c42bab2c585d2e059543ae704a0d74c.js?body=1" for ::1 at 2020-09-10 18:58:01 -0700
Started GET "/assets/components/sidebar.self-2a1277f850a6fa21e1a974ef5152f177ac05516477d5081d593bb137b3d6808b.js?body=1" for ::1 at 2020-09-10 18:58:01 -0700
Started GET "/assets/components/modal.self-52188644dbb47def5ee35ae02e69eb567ca9b664472357a8a5789dd39032a265.js?body=1" for ::1 at 2020-09-10 18:58:01 -0700
Started GET "/assets/application.self-f571b9db02bf4ed04c38a6a29072ac382f7d4f47db1fab9817aeadb0d8665235.js?body=1" for ::1 at 2020-09-10 18:58:01 -0700
Started GET "/assets/application.self-6657372e672f842ac12dc05cdee8caeee3c002a2b28794043fe4f27abc75428f.css?body=1&livereload=1599790527426" for ::1 at 2020-09-10 19:15:27 -0700
Started GET "/assets/application.self-6657372e672f842ac12dc05cdee8caeee3c002a2b28794043fe4f27abc75428f.css?body=1&livereload=1599790527428" for ::1 at 2020-09-10 19:15:27 -0700
Started GET "/assets/application.self-6657372e672f842ac12dc05cdee8caeee3c002a2b28794043fe4f27abc75428f.css?body=1&livereload=1599790560578" for ::1 at 2020-09-10 19:16:00 -0700
Started GET "/assets/application.self-6657372e672f842ac12dc05cdee8caeee3c002a2b28794043fe4f27abc75428f.css?body=1&livereload=1599790560580" for ::1 at 2020-09-10 19:16:00 -0700
Started GET "/assets/application.self-6657372e672f842ac12dc05cdee8caeee3c002a2b28794043fe4f27abc75428f.css?body=1&livereload=1599790564201" for ::1 at 2020-09-10 19:16:04 -0700
Started GET "/assets/application.self-6657372e672f842ac12dc05cdee8caeee3c002a2b28794043fe4f27abc75428f.css?body=1&livereload=1599790564202" for ::1 at 2020-09-10 19:16:04 -0700
Started GET "/assets/application.self-6657372e672f842ac12dc05cdee8caeee3c002a2b28794043fe4f27abc75428f.css?body=1&livereload=1599790580851" for ::1 at 2020-09-10 19:16:20 -0700
Started GET "/assets/application.self-6657372e672f842ac12dc05cdee8caeee3c002a2b28794043fe4f27abc75428f.css?body=1&livereload=1599790580852" for ::1 at 2020-09-10 19:16:20 -0700
Started GET "/assets/application.self-6657372e672f842ac12dc05cdee8caeee3c002a2b28794043fe4f27abc75428f.css?body=1&livereload=1599790584292" for ::1 at 2020-09-10 19:16:24 -0700
Started GET "/assets/application.self-6657372e672f842ac12dc05cdee8caeee3c002a2b28794043fe4f27abc75428f.css?body=1&livereload=1599790584293" for ::1 at 2020-09-10 19:16:24 -0700
Started GET "/assets/application.self-6657372e672f842ac12dc05cdee8caeee3c002a2b28794043fe4f27abc75428f.css?body=1&livereload=1599790587735" for ::1 at 2020-09-10 19:16:27 -0700
Started GET "/assets/application.self-6657372e672f842ac12dc05cdee8caeee3c002a2b28794043fe4f27abc75428f.css?body=1&livereload=1599790587736" for ::1 at 2020-09-10 19:16:27 -0700
Started GET "/assets/application.self-6657372e672f842ac12dc05cdee8caeee3c002a2b28794043fe4f27abc75428f.css?body=1&livereload=1599790593662" for ::1 at 2020-09-10 19:16:33 -0700
Started GET "/assets/application.self-6657372e672f842ac12dc05cdee8caeee3c002a2b28794043fe4f27abc75428f.css?body=1&livereload=1599790593663" for ::1 at 2020-09-10 19:16:33 -0700
Started GET "/assets/application.self-6657372e672f842ac12dc05cdee8caeee3c002a2b28794043fe4f27abc75428f.css?body=1&livereload=1599790612501" for ::1 at 2020-09-10 19:16:52 -0700
Started GET "/assets/application.self-6657372e672f842ac12dc05cdee8caeee3c002a2b28794043fe4f27abc75428f.css?body=1&livereload=1599790612504" for ::1 at 2020-09-10 19:16:52 -0700
Started GET "/assets/application.self-6657372e672f842ac12dc05cdee8caeee3c002a2b28794043fe4f27abc75428f.css?body=1&livereload=1599790624383" for ::1 at 2020-09-10 19:17:04 -0700
Started GET "/assets/application.self-6657372e672f842ac12dc05cdee8caeee3c002a2b28794043fe4f27abc75428f.css?body=1&livereload=1599790624384" for ::1 at 2020-09-10 19:17:04 -0700
Started GET "/assets/application.self-6657372e672f842ac12dc05cdee8caeee3c002a2b28794043fe4f27abc75428f.css?body=1&livereload=1599790630876" for ::1 at 2020-09-10 19:17:10 -0700
Started GET "/assets/application.self-6657372e672f842ac12dc05cdee8caeee3c002a2b28794043fe4f27abc75428f.css?body=1&livereload=1599790630877" for ::1 at 2020-09-10 19:17:10 -0700
Started GET "/assets/application.self-6657372e672f842ac12dc05cdee8caeee3c002a2b28794043fe4f27abc75428f.css?body=1&livereload=1599790640349" for ::1 at 2020-09-10 19:17:20 -0700
Started GET "/assets/application.self-6657372e672f842ac12dc05cdee8caeee3c002a2b28794043fe4f27abc75428f.css?body=1&livereload=1599790640350" for ::1 at 2020-09-10 19:17:20 -0700
Started GET "/assets/application.self-6657372e672f842ac12dc05cdee8caeee3c002a2b28794043fe4f27abc75428f.css?body=1&livereload=1599790644344" for ::1 at 2020-09-10 19:17:24 -0700
Started GET "/assets/application.self-6657372e672f842ac12dc05cdee8caeee3c002a2b28794043fe4f27abc75428f.css?body=1&livereload=1599790644345" for ::1 at 2020-09-10 19:17:24 -0700
Started GET "/assets/application.self-6657372e672f842ac12dc05cdee8caeee3c002a2b28794043fe4f27abc75428f.css?body=1&livereload=1599790694414" for ::1 at 2020-09-10 19:18:14 -0700
Started GET "/assets/application.self-6657372e672f842ac12dc05cdee8caeee3c002a2b28794043fe4f27abc75428f.css?body=1&livereload=1599790694412" for ::1 at 2020-09-10 19:18:14 -0700
Started GET "/assets/application.self-6657372e672f842ac12dc05cdee8caeee3c002a2b28794043fe4f27abc75428f.css?body=1&livereload=1599790718188" for ::1 at 2020-09-10 19:18:38 -0700
Started GET "/assets/application.self-6657372e672f842ac12dc05cdee8caeee3c002a2b28794043fe4f27abc75428f.css?body=1&livereload=1599790718189" for ::1 at 2020-09-10 19:18:38 -0700
Started GET "/assets/application.self-6657372e672f842ac12dc05cdee8caeee3c002a2b28794043fe4f27abc75428f.css?body=1&livereload=1599790727191" for ::1 at 2020-09-10 19:18:47 -0700
Started GET "/assets/application.self-6657372e672f842ac12dc05cdee8caeee3c002a2b28794043fe4f27abc75428f.css?body=1&livereload=1599790727192" for ::1 at 2020-09-10 19:18:47 -0700
Started GET "/assets/application.self-6657372e672f842ac12dc05cdee8caeee3c002a2b28794043fe4f27abc75428f.css?body=1&livereload=1599790740757" for ::1 at 2020-09-10 19:19:00 -0700
Started GET "/assets/application.self-6657372e672f842ac12dc05cdee8caeee3c002a2b28794043fe4f27abc75428f.css?body=1&livereload=1599790740758" for ::1 at 2020-09-10 19:19:00 -0700
Started GET "/assets/application.self-6657372e672f842ac12dc05cdee8caeee3c002a2b28794043fe4f27abc75428f.css?body=1&livereload=1599790992706" for ::1 at 2020-09-10 19:23:12 -0700
Started GET "/assets/application.self-6657372e672f842ac12dc05cdee8caeee3c002a2b28794043fe4f27abc75428f.css?body=1&livereload=1599790992707" for ::1 at 2020-09-10 19:23:12 -0700
Started GET "/assets/application.self-6657372e672f842ac12dc05cdee8caeee3c002a2b28794043fe4f27abc75428f.css?body=1&livereload=1599791056917" for ::1 at 2020-09-10 19:24:16 -0700
Started GET "/assets/application.self-6657372e672f842ac12dc05cdee8caeee3c002a2b28794043fe4f27abc75428f.css?body=1&livereload=1599791056916" for ::1 at 2020-09-10 19:24:16 -0700
Started GET "/assets/application.self-6657372e672f842ac12dc05cdee8caeee3c002a2b28794043fe4f27abc75428f.css?body=1&livereload=1599791075565" for ::1 at 2020-09-10 19:24:35 -0700
Started GET "/assets/application.self-6657372e672f842ac12dc05cdee8caeee3c002a2b28794043fe4f27abc75428f.css?body=1&livereload=1599791075566" for ::1 at 2020-09-10 19:24:35 -0700
Started GET "/assets/application.self-6657372e672f842ac12dc05cdee8caeee3c002a2b28794043fe4f27abc75428f.css?body=1&livereload=1599791089043" for ::1 at 2020-09-10 19:24:49 -0700
Started GET "/assets/application.self-6657372e672f842ac12dc05cdee8caeee3c002a2b28794043fe4f27abc75428f.css?body=1&livereload=1599791089042" for ::1 at 2020-09-10 19:24:49 -0700
Started GET "/" for ::1 at 2020-09-10 19:28:34 -0700
Processing by StaticPagesController#index as HTML
  Rendering static_pages/index.html.erb within layouts/application
  Rendered shared/_main_nav.html.erb (0.3ms)
  Rendered shared/_masthead.html.erb (0.2ms)
  Rendered shared/_sections_nav.html.erb (0.2ms)
  Rendered shared/_search_modal.html.erb (0.2ms)
  Rendered shared/_main_content.html.erb (0.2ms)
  Rendered static_pages/index.html.erb within layouts/application (8.2ms)
Completed 200 OK in 26ms (Views: 24.5ms | ActiveRecord: 0.0ms)


Started GET "/assets/application.self-0cfb2d8b48e5386a27b932bbaa5097faaeaa829afa03804c4f00c251d42f7fdf.css?body=1" for ::1 at 2020-09-10 19:28:34 -0700
Started GET "/" for ::1 at 2020-09-10 19:32:32 -0700
Processing by StaticPagesController#index as HTML
  Rendering static_pages/index.html.erb within layouts/application
  Rendered shared/_main_nav.html.erb (0.1ms)
  Rendered shared/_masthead.html.erb (0.1ms)
  Rendered shared/_sections_nav.html.erb (0.1ms)
  Rendered shared/_search_modal.html.erb (0.1ms)
  Rendered shared/_main_content.html.erb (0.1ms)
  Rendered static_pages/index.html.erb within layouts/application (7.1ms)
Completed 200 OK in 22ms (Views: 20.3ms | ActiveRecord: 0.0ms)


Started GET "/" for ::1 at 2020-09-10 19:34:28 -0700
Processing by StaticPagesController#index as HTML
  Rendering static_pages/index.html.erb within layouts/application
  Rendered shared/_main_nav.html.erb (0.3ms)
  Rendered shared/_masthead.html.erb (0.2ms)
  Rendered shared/_sections_nav.html.erb (0.3ms)
  Rendered shared/_search_modal.html.erb (0.2ms)
  Rendered shared/_main_content.html.erb (0.2ms)
  Rendered static_pages/index.html.erb within layouts/application (13.5ms)
Completed 200 OK in 43ms (Views: 39.6ms | ActiveRecord: 0.0ms)


Started GET "/assets/application.self-0cfb2d8b48e5386a27b932bbaa5097faaeaa829afa03804c4f00c251d42f7fdf.css?body=1&livereload=1599791938132" for ::1 at 2020-09-10 19:38:58 -0700
Started GET "/assets/application.self-0cfb2d8b48e5386a27b932bbaa5097faaeaa829afa03804c4f00c251d42f7fdf.css?body=1&livereload=1599791938134" for ::1 at 2020-09-10 19:38:58 -0700
Started GET "/assets/application.self-0cfb2d8b48e5386a27b932bbaa5097faaeaa829afa03804c4f00c251d42f7fdf.css?body=1&livereload=1599792001171" for ::1 at 2020-09-10 19:40:01 -0700
Started GET "/assets/application.self-0cfb2d8b48e5386a27b932bbaa5097faaeaa829afa03804c4f00c251d42f7fdf.css?body=1&livereload=1599792001173" for ::1 at 2020-09-10 19:40:01 -0700
Started GET "/assets/application.self-0cfb2d8b48e5386a27b932bbaa5097faaeaa829afa03804c4f00c251d42f7fdf.css?body=1&livereload=1599792013724" for ::1 at 2020-09-10 19:40:13 -0700
Started GET "/assets/application.self-0cfb2d8b48e5386a27b932bbaa5097faaeaa829afa03804c4f00c251d42f7fdf.css?body=1&livereload=1599792013725" for ::1 at 2020-09-10 19:40:13 -0700
Started GET "/assets/application.self-0cfb2d8b48e5386a27b932bbaa5097faaeaa829afa03804c4f00c251d42f7fdf.css?body=1&livereload=1599792154526" for ::1 at 2020-09-10 19:42:34 -0700
Started GET "/assets/application.self-0cfb2d8b48e5386a27b932bbaa5097faaeaa829afa03804c4f00c251d42f7fdf.css?body=1&livereload=1599792154527" for ::1 at 2020-09-10 19:42:34 -0700
Started GET "/assets/application.self-0cfb2d8b48e5386a27b932bbaa5097faaeaa829afa03804c4f00c251d42f7fdf.css?body=1&livereload=1599792205046" for ::1 at 2020-09-10 19:43:25 -0700
Started GET "/assets/application.self-0cfb2d8b48e5386a27b932bbaa5097faaeaa829afa03804c4f00c251d42f7fdf.css?body=1&livereload=1599792205047" for ::1 at 2020-09-10 19:43:25 -0700
Started GET "/assets/application.self-0cfb2d8b48e5386a27b932bbaa5097faaeaa829afa03804c4f00c251d42f7fdf.css?body=1&livereload=1599792218767" for ::1 at 2020-09-10 19:43:38 -0700
Started GET "/assets/application.self-0cfb2d8b48e5386a27b932bbaa5097faaeaa829afa03804c4f00c251d42f7fdf.css?body=1&livereload=1599792218769" for ::1 at 2020-09-10 19:43:38 -0700
Started GET "/assets/application.self-0cfb2d8b48e5386a27b932bbaa5097faaeaa829afa03804c4f00c251d42f7fdf.css?body=1&livereload=1599792229459" for ::1 at 2020-09-10 19:43:49 -0700
Started GET "/assets/application.self-0cfb2d8b48e5386a27b932bbaa5097faaeaa829afa03804c4f00c251d42f7fdf.css?body=1&livereload=1599792229460" for ::1 at 2020-09-10 19:43:49 -0700
Started GET "/assets/application.self-0cfb2d8b48e5386a27b932bbaa5097faaeaa829afa03804c4f00c251d42f7fdf.css?body=1&livereload=1599792242267" for ::1 at 2020-09-10 19:44:02 -0700
Started GET "/assets/application.self-0cfb2d8b48e5386a27b932bbaa5097faaeaa829afa03804c4f00c251d42f7fdf.css?body=1&livereload=1599792242268" for ::1 at 2020-09-10 19:44:02 -0700
Started GET "/assets/application.self-0cfb2d8b48e5386a27b932bbaa5097faaeaa829afa03804c4f00c251d42f7fdf.css?body=1&livereload=1599792258344" for ::1 at 2020-09-10 19:44:18 -0700
Started GET "/assets/application.self-0cfb2d8b48e5386a27b932bbaa5097faaeaa829afa03804c4f00c251d42f7fdf.css?body=1&livereload=1599792258345" for ::1 at 2020-09-10 19:44:18 -0700
Started GET "/assets/application.self-0cfb2d8b48e5386a27b932bbaa5097faaeaa829afa03804c4f00c251d42f7fdf.css?body=1&livereload=1599792294565" for ::1 at 2020-09-10 19:44:54 -0700
Started GET "/assets/application.self-0cfb2d8b48e5386a27b932bbaa5097faaeaa829afa03804c4f00c251d42f7fdf.css?body=1&livereload=1599792294567" for ::1 at 2020-09-10 19:44:54 -0700
Started GET "/assets/application.self-0cfb2d8b48e5386a27b932bbaa5097faaeaa829afa03804c4f00c251d42f7fdf.css?body=1&livereload=1599792377109" for ::1 at 2020-09-10 19:46:17 -0700
Started GET "/assets/application.self-0cfb2d8b48e5386a27b932bbaa5097faaeaa829afa03804c4f00c251d42f7fdf.css?body=1&livereload=1599792377110" for ::1 at 2020-09-10 19:46:17 -0700
Started GET "/assets/application.self-0cfb2d8b48e5386a27b932bbaa5097faaeaa829afa03804c4f00c251d42f7fdf.css?body=1&livereload=1599792379243" for ::1 at 2020-09-10 19:46:19 -0700
Started GET "/assets/application.self-0cfb2d8b48e5386a27b932bbaa5097faaeaa829afa03804c4f00c251d42f7fdf.css?body=1&livereload=1599792379244" for ::1 at 2020-09-10 19:46:19 -0700
Started GET "/assets/application.self-0cfb2d8b48e5386a27b932bbaa5097faaeaa829afa03804c4f00c251d42f7fdf.css?body=1&livereload=1599792390482" for ::1 at 2020-09-10 19:46:30 -0700
Started GET "/assets/application.self-0cfb2d8b48e5386a27b932bbaa5097faaeaa829afa03804c4f00c251d42f7fdf.css?body=1&livereload=1599792390483" for ::1 at 2020-09-10 19:46:30 -0700
Started GET "/assets/application.self-0cfb2d8b48e5386a27b932bbaa5097faaeaa829afa03804c4f00c251d42f7fdf.css?body=1&livereload=1599792402001" for ::1 at 2020-09-10 19:46:42 -0700
Started GET "/assets/application.self-0cfb2d8b48e5386a27b932bbaa5097faaeaa829afa03804c4f00c251d42f7fdf.css?body=1&livereload=1599792402002" for ::1 at 2020-09-10 19:46:42 -0700
Started GET "/assets/application.self-0cfb2d8b48e5386a27b932bbaa5097faaeaa829afa03804c4f00c251d42f7fdf.css?body=1&livereload=1599792409150" for ::1 at 2020-09-10 19:46:49 -0700
Started GET "/assets/application.self-0cfb2d8b48e5386a27b932bbaa5097faaeaa829afa03804c4f00c251d42f7fdf.css?body=1&livereload=1599792409152" for ::1 at 2020-09-10 19:46:49 -0700
Started GET "/assets/application.self-0cfb2d8b48e5386a27b932bbaa5097faaeaa829afa03804c4f00c251d42f7fdf.css?body=1&livereload=1599792437677" for ::1 at 2020-09-10 19:47:17 -0700
Started GET "/assets/application.self-0cfb2d8b48e5386a27b932bbaa5097faaeaa829afa03804c4f00c251d42f7fdf.css?body=1&livereload=1599792437679" for ::1 at 2020-09-10 19:47:17 -0700
Started GET "/assets/application.self-0cfb2d8b48e5386a27b932bbaa5097faaeaa829afa03804c4f00c251d42f7fdf.css?body=1&livereload=1599792442134" for ::1 at 2020-09-10 19:47:22 -0700
Started GET "/assets/application.self-0cfb2d8b48e5386a27b932bbaa5097faaeaa829afa03804c4f00c251d42f7fdf.css?body=1&livereload=1599792442135" for ::1 at 2020-09-10 19:47:22 -0700
Started GET "/assets/application.self-0cfb2d8b48e5386a27b932bbaa5097faaeaa829afa03804c4f00c251d42f7fdf.css?body=1&livereload=1599792481236" for ::1 at 2020-09-10 19:48:01 -0700
Started GET "/assets/application.self-0cfb2d8b48e5386a27b932bbaa5097faaeaa829afa03804c4f00c251d42f7fdf.css?body=1&livereload=1599792481237" for ::1 at 2020-09-10 19:48:01 -0700
Started GET "/assets/application.self-0cfb2d8b48e5386a27b932bbaa5097faaeaa829afa03804c4f00c251d42f7fdf.css?body=1&livereload=1599792485146" for ::1 at 2020-09-10 19:48:05 -0700
Started GET "/assets/application.self-0cfb2d8b48e5386a27b932bbaa5097faaeaa829afa03804c4f00c251d42f7fdf.css?body=1&livereload=1599792485148" for ::1 at 2020-09-10 19:48:05 -0700
Started GET "/assets/application.self-0cfb2d8b48e5386a27b932bbaa5097faaeaa829afa03804c4f00c251d42f7fdf.css?body=1&livereload=1599792580521" for ::1 at 2020-09-10 19:49:40 -0700
Started GET "/assets/application.self-0cfb2d8b48e5386a27b932bbaa5097faaeaa829afa03804c4f00c251d42f7fdf.css?body=1&livereload=1599792580522" for ::1 at 2020-09-10 19:49:40 -0700
Started GET "/assets/application.self-0cfb2d8b48e5386a27b932bbaa5097faaeaa829afa03804c4f00c251d42f7fdf.css?body=1&livereload=1599792596588" for ::1 at 2020-09-10 19:49:56 -0700
Started GET "/assets/application.self-0cfb2d8b48e5386a27b932bbaa5097faaeaa829afa03804c4f00c251d42f7fdf.css?body=1&livereload=1599792596590" for ::1 at 2020-09-10 19:49:56 -0700
Started GET "/assets/application.self-0cfb2d8b48e5386a27b932bbaa5097faaeaa829afa03804c4f00c251d42f7fdf.css?body=1&livereload=1599792642669" for ::1 at 2020-09-10 19:50:42 -0700
Started GET "/assets/application.self-0cfb2d8b48e5386a27b932bbaa5097faaeaa829afa03804c4f00c251d42f7fdf.css?body=1&livereload=1599792642670" for ::1 at 2020-09-10 19:50:42 -0700
Started GET "/assets/application.self-0cfb2d8b48e5386a27b932bbaa5097faaeaa829afa03804c4f00c251d42f7fdf.css?body=1&livereload=1599792675913" for ::1 at 2020-09-10 19:51:15 -0700
Started GET "/assets/application.self-0cfb2d8b48e5386a27b932bbaa5097faaeaa829afa03804c4f00c251d42f7fdf.css?body=1&livereload=1599792675914" for ::1 at 2020-09-10 19:51:15 -0700
Started GET "/assets/application.self-0cfb2d8b48e5386a27b932bbaa5097faaeaa829afa03804c4f00c251d42f7fdf.css?body=1&livereload=1599792698565" for ::1 at 2020-09-10 19:51:38 -0700
Started GET "/assets/application.self-0cfb2d8b48e5386a27b932bbaa5097faaeaa829afa03804c4f00c251d42f7fdf.css?body=1&livereload=1599792698567" for ::1 at 2020-09-10 19:51:38 -0700
Started GET "/assets/application.self-0cfb2d8b48e5386a27b932bbaa5097faaeaa829afa03804c4f00c251d42f7fdf.css?body=1&livereload=1599792706934" for ::1 at 2020-09-10 19:51:46 -0700
Started GET "/assets/application.self-0cfb2d8b48e5386a27b932bbaa5097faaeaa829afa03804c4f00c251d42f7fdf.css?body=1&livereload=1599792706935" for ::1 at 2020-09-10 19:51:46 -0700
Started GET "/assets/application.self-0cfb2d8b48e5386a27b932bbaa5097faaeaa829afa03804c4f00c251d42f7fdf.css?body=1&livereload=1599792716685" for ::1 at 2020-09-10 19:51:56 -0700
Started GET "/assets/application.self-0cfb2d8b48e5386a27b932bbaa5097faaeaa829afa03804c4f00c251d42f7fdf.css?body=1&livereload=1599792716687" for ::1 at 2020-09-10 19:51:56 -0700
Started GET "/assets/application.self-0cfb2d8b48e5386a27b932bbaa5097faaeaa829afa03804c4f00c251d42f7fdf.css?body=1&livereload=1599792737025" for ::1 at 2020-09-10 19:52:17 -0700
Started GET "/assets/application.self-0cfb2d8b48e5386a27b932bbaa5097faaeaa829afa03804c4f00c251d42f7fdf.css?body=1&livereload=1599792737026" for ::1 at 2020-09-10 19:52:17 -0700
Started GET "/assets/application.self-0cfb2d8b48e5386a27b932bbaa5097faaeaa829afa03804c4f00c251d42f7fdf.css?body=1&livereload=1599792747426" for ::1 at 2020-09-10 19:52:27 -0700
Started GET "/assets/application.self-0cfb2d8b48e5386a27b932bbaa5097faaeaa829afa03804c4f00c251d42f7fdf.css?body=1&livereload=1599792747427" for ::1 at 2020-09-10 19:52:27 -0700
Started GET "/assets/application.self-0cfb2d8b48e5386a27b932bbaa5097faaeaa829afa03804c4f00c251d42f7fdf.css?body=1&livereload=1599792766834" for ::1 at 2020-09-10 19:52:46 -0700
Started GET "/assets/application.self-0cfb2d8b48e5386a27b932bbaa5097faaeaa829afa03804c4f00c251d42f7fdf.css?body=1&livereload=1599792766835" for ::1 at 2020-09-10 19:52:46 -0700
Started GET "/assets/application.self-0cfb2d8b48e5386a27b932bbaa5097faaeaa829afa03804c4f00c251d42f7fdf.css?body=1&livereload=1599792775187" for ::1 at 2020-09-10 19:52:55 -0700
Started GET "/assets/application.self-0cfb2d8b48e5386a27b932bbaa5097faaeaa829afa03804c4f00c251d42f7fdf.css?body=1&livereload=1599792775188" for ::1 at 2020-09-10 19:52:55 -0700
Started GET "/assets/application.self-0cfb2d8b48e5386a27b932bbaa5097faaeaa829afa03804c4f00c251d42f7fdf.css?body=1&livereload=1599792799898" for ::1 at 2020-09-10 19:53:19 -0700
Started GET "/assets/application.self-0cfb2d8b48e5386a27b932bbaa5097faaeaa829afa03804c4f00c251d42f7fdf.css?body=1&livereload=1599792799899" for ::1 at 2020-09-10 19:53:19 -0700
Started GET "/assets/application.self-0cfb2d8b48e5386a27b932bbaa5097faaeaa829afa03804c4f00c251d42f7fdf.css?body=1&livereload=1599792884396" for ::1 at 2020-09-10 19:54:44 -0700
Started GET "/assets/application.self-0cfb2d8b48e5386a27b932bbaa5097faaeaa829afa03804c4f00c251d42f7fdf.css?body=1&livereload=1599792884398" for ::1 at 2020-09-10 19:54:44 -0700
Started GET "/assets/application.self-0cfb2d8b48e5386a27b932bbaa5097faaeaa829afa03804c4f00c251d42f7fdf.css?body=1&livereload=1599793026256" for ::1 at 2020-09-10 19:57:06 -0700
Started GET "/assets/application.self-0cfb2d8b48e5386a27b932bbaa5097faaeaa829afa03804c4f00c251d42f7fdf.css?body=1&livereload=1599793026254" for ::1 at 2020-09-10 19:57:06 -0700
Started GET "/assets/application.self-0cfb2d8b48e5386a27b932bbaa5097faaeaa829afa03804c4f00c251d42f7fdf.css?body=1&livereload=1599793155258" for ::1 at 2020-09-10 19:59:15 -0700
Started GET "/assets/application.self-0cfb2d8b48e5386a27b932bbaa5097faaeaa829afa03804c4f00c251d42f7fdf.css?body=1&livereload=1599793155260" for ::1 at 2020-09-10 19:59:15 -0700
Started GET "/assets/application.self-0cfb2d8b48e5386a27b932bbaa5097faaeaa829afa03804c4f00c251d42f7fdf.css?body=1&livereload=1599793165462" for ::1 at 2020-09-10 19:59:25 -0700
Started GET "/assets/application.self-0cfb2d8b48e5386a27b932bbaa5097faaeaa829afa03804c4f00c251d42f7fdf.css?body=1&livereload=1599793165463" for ::1 at 2020-09-10 19:59:25 -0700
Started GET "/assets/application.self-0cfb2d8b48e5386a27b932bbaa5097faaeaa829afa03804c4f00c251d42f7fdf.css?body=1&livereload=1599793170195" for ::1 at 2020-09-10 19:59:30 -0700
Started GET "/assets/application.self-0cfb2d8b48e5386a27b932bbaa5097faaeaa829afa03804c4f00c251d42f7fdf.css?body=1&livereload=1599793170197" for ::1 at 2020-09-10 19:59:30 -0700
Started GET "/assets/application.self-0cfb2d8b48e5386a27b932bbaa5097faaeaa829afa03804c4f00c251d42f7fdf.css?body=1&livereload=1599793174655" for ::1 at 2020-09-10 19:59:34 -0700
Started GET "/assets/application.self-0cfb2d8b48e5386a27b932bbaa5097faaeaa829afa03804c4f00c251d42f7fdf.css?body=1&livereload=1599793174657" for ::1 at 2020-09-10 19:59:34 -0700
Started GET "/assets/application.self-0cfb2d8b48e5386a27b932bbaa5097faaeaa829afa03804c4f00c251d42f7fdf.css?body=1&livereload=1599793250341" for ::1 at 2020-09-10 20:00:50 -0700
Started GET "/assets/application.self-0cfb2d8b48e5386a27b932bbaa5097faaeaa829afa03804c4f00c251d42f7fdf.css?body=1&livereload=1599793250342" for ::1 at 2020-09-10 20:00:50 -0700
Started GET "/assets/application.self-0cfb2d8b48e5386a27b932bbaa5097faaeaa829afa03804c4f00c251d42f7fdf.css?body=1&livereload=1599793304214" for ::1 at 2020-09-10 20:01:44 -0700
Started GET "/assets/application.self-0cfb2d8b48e5386a27b932bbaa5097faaeaa829afa03804c4f00c251d42f7fdf.css?body=1&livereload=1599793304215" for ::1 at 2020-09-10 20:01:44 -0700
Started GET "/assets/application.self-0cfb2d8b48e5386a27b932bbaa5097faaeaa829afa03804c4f00c251d42f7fdf.css?body=1&livereload=1599793345202" for ::1 at 2020-09-10 20:02:25 -0700
Started GET "/assets/application.self-0cfb2d8b48e5386a27b932bbaa5097faaeaa829afa03804c4f00c251d42f7fdf.css?body=1&livereload=1599793345203" for ::1 at 2020-09-10 20:02:25 -0700
Started GET "/assets/application.self-0cfb2d8b48e5386a27b932bbaa5097faaeaa829afa03804c4f00c251d42f7fdf.css?body=1&livereload=1599793438645" for ::1 at 2020-09-10 20:03:58 -0700
Started GET "/assets/application.self-0cfb2d8b48e5386a27b932bbaa5097faaeaa829afa03804c4f00c251d42f7fdf.css?body=1&livereload=1599793438647" for ::1 at 2020-09-10 20:03:58 -0700
Started GET "/assets/application.self-0cfb2d8b48e5386a27b932bbaa5097faaeaa829afa03804c4f00c251d42f7fdf.css?body=1&livereload=1599793490781" for ::1 at 2020-09-10 20:04:50 -0700
Started GET "/assets/application.self-0cfb2d8b48e5386a27b932bbaa5097faaeaa829afa03804c4f00c251d42f7fdf.css?body=1&livereload=1599793490783" for ::1 at 2020-09-10 20:04:50 -0700
Started GET "/assets/application.self-0cfb2d8b48e5386a27b932bbaa5097faaeaa829afa03804c4f00c251d42f7fdf.css?body=1&livereload=1599793500917" for ::1 at 2020-09-10 20:05:00 -0700
Started GET "/assets/application.self-0cfb2d8b48e5386a27b932bbaa5097faaeaa829afa03804c4f00c251d42f7fdf.css?body=1&livereload=1599793500918" for ::1 at 2020-09-10 20:05:00 -0700
Started GET "/assets/application.self-0cfb2d8b48e5386a27b932bbaa5097faaeaa829afa03804c4f00c251d42f7fdf.css?body=1&livereload=1599793507699" for ::1 at 2020-09-10 20:05:07 -0700
Started GET "/assets/application.self-0cfb2d8b48e5386a27b932bbaa5097faaeaa829afa03804c4f00c251d42f7fdf.css?body=1&livereload=1599793507701" for ::1 at 2020-09-10 20:05:07 -0700
Started GET "/assets/application.self-0cfb2d8b48e5386a27b932bbaa5097faaeaa829afa03804c4f00c251d42f7fdf.css?body=1&livereload=1599793536128" for ::1 at 2020-09-10 20:05:36 -0700
Started GET "/assets/application.self-0cfb2d8b48e5386a27b932bbaa5097faaeaa829afa03804c4f00c251d42f7fdf.css?body=1&livereload=1599793536129" for ::1 at 2020-09-10 20:05:36 -0700
Started GET "/assets/application.self-0cfb2d8b48e5386a27b932bbaa5097faaeaa829afa03804c4f00c251d42f7fdf.css?body=1&livereload=1599793563161" for ::1 at 2020-09-10 20:06:03 -0700
Started GET "/assets/application.self-0cfb2d8b48e5386a27b932bbaa5097faaeaa829afa03804c4f00c251d42f7fdf.css?body=1&livereload=1599793563162" for ::1 at 2020-09-10 20:06:03 -0700
Started GET "/assets/application.self-0cfb2d8b48e5386a27b932bbaa5097faaeaa829afa03804c4f00c251d42f7fdf.css?body=1&livereload=1599793638560" for ::1 at 2020-09-10 20:07:18 -0700
Started GET "/assets/application.self-0cfb2d8b48e5386a27b932bbaa5097faaeaa829afa03804c4f00c251d42f7fdf.css?body=1&livereload=1599793638561" for ::1 at 2020-09-10 20:07:18 -0700
Started GET "/assets/application.self-0cfb2d8b48e5386a27b932bbaa5097faaeaa829afa03804c4f00c251d42f7fdf.css?body=1&livereload=1599793639675" for ::1 at 2020-09-10 20:07:19 -0700
Started GET "/assets/application.self-0cfb2d8b48e5386a27b932bbaa5097faaeaa829afa03804c4f00c251d42f7fdf.css?body=1&livereload=1599793639676" for ::1 at 2020-09-10 20:07:19 -0700
Started GET "/assets/application.self-0cfb2d8b48e5386a27b932bbaa5097faaeaa829afa03804c4f00c251d42f7fdf.css?body=1&livereload=1599793644136" for ::1 at 2020-09-10 20:07:24 -0700
Started GET "/assets/application.self-0cfb2d8b48e5386a27b932bbaa5097faaeaa829afa03804c4f00c251d42f7fdf.css?body=1&livereload=1599793644137" for ::1 at 2020-09-10 20:07:24 -0700
Started GET "/assets/application.self-0cfb2d8b48e5386a27b932bbaa5097faaeaa829afa03804c4f00c251d42f7fdf.css?body=1&livereload=1599793747375" for ::1 at 2020-09-10 20:09:07 -0700
Started GET "/assets/application.self-0cfb2d8b48e5386a27b932bbaa5097faaeaa829afa03804c4f00c251d42f7fdf.css?body=1&livereload=1599793747377" for ::1 at 2020-09-10 20:09:07 -0700
Started GET "/assets/application.self-0cfb2d8b48e5386a27b932bbaa5097faaeaa829afa03804c4f00c251d42f7fdf.css?body=1&livereload=1599793771973" for ::1 at 2020-09-10 20:09:31 -0700
Started GET "/assets/application.self-0cfb2d8b48e5386a27b932bbaa5097faaeaa829afa03804c4f00c251d42f7fdf.css?body=1&livereload=1599793771974" for ::1 at 2020-09-10 20:09:31 -0700
Started GET "/assets/application.self-0cfb2d8b48e5386a27b932bbaa5097faaeaa829afa03804c4f00c251d42f7fdf.css?body=1&livereload=1599793789446" for ::1 at 2020-09-10 20:09:49 -0700
Started GET "/assets/application.self-0cfb2d8b48e5386a27b932bbaa5097faaeaa829afa03804c4f00c251d42f7fdf.css?body=1&livereload=1599793789447" for ::1 at 2020-09-10 20:09:49 -0700
Started GET "/assets/application.self-0cfb2d8b48e5386a27b932bbaa5097faaeaa829afa03804c4f00c251d42f7fdf.css?body=1&livereload=1599793799265" for ::1 at 2020-09-10 20:09:59 -0700
Started GET "/assets/application.self-0cfb2d8b48e5386a27b932bbaa5097faaeaa829afa03804c4f00c251d42f7fdf.css?body=1&livereload=1599793799266" for ::1 at 2020-09-10 20:09:59 -0700
Started GET "/assets/application.self-0cfb2d8b48e5386a27b932bbaa5097faaeaa829afa03804c4f00c251d42f7fdf.css?body=1&livereload=1599793821340" for ::1 at 2020-09-10 20:10:21 -0700
Started GET "/assets/application.self-0cfb2d8b48e5386a27b932bbaa5097faaeaa829afa03804c4f00c251d42f7fdf.css?body=1&livereload=1599793821341" for ::1 at 2020-09-10 20:10:21 -0700
Started GET "/assets/application.self-0cfb2d8b48e5386a27b932bbaa5097faaeaa829afa03804c4f00c251d42f7fdf.css?body=1&livereload=1599793866385" for ::1 at 2020-09-10 20:11:06 -0700
Started GET "/assets/application.self-0cfb2d8b48e5386a27b932bbaa5097faaeaa829afa03804c4f00c251d42f7fdf.css?body=1&livereload=1599793866386" for ::1 at 2020-09-10 20:11:06 -0700
Started GET "/assets/application.self-0cfb2d8b48e5386a27b932bbaa5097faaeaa829afa03804c4f00c251d42f7fdf.css?body=1&livereload=1599793870750" for ::1 at 2020-09-10 20:11:10 -0700
Started GET "/assets/application.self-0cfb2d8b48e5386a27b932bbaa5097faaeaa829afa03804c4f00c251d42f7fdf.css?body=1&livereload=1599793870752" for ::1 at 2020-09-10 20:11:10 -0700
Started GET "/" for ::1 at 2020-09-10 20:13:45 -0700
Processing by StaticPagesController#index as HTML
  Rendering static_pages/index.html.erb within layouts/application
  Rendered shared/_main_nav.html.erb (0.2ms)
  Rendered shared/_masthead.html.erb (0.2ms)
  Rendered shared/_sections_nav.html.erb (0.1ms)
  Rendered shared/_search_modal.html.erb (0.2ms)
  Rendered shared/_main_content.html.erb (0.3ms)
  Rendered static_pages/index.html.erb within layouts/application (7.8ms)
Completed 200 OK in 26ms (Views: 24.2ms | ActiveRecord: 0.0ms)


Started GET "/assets/application.self-c0b22e20fa0dc03dbffe44b6cbc2c6c32636aae7f65cd018899646abd096a45e.css?body=1" for ::1 at 2020-09-10 20:13:46 -0700
Started GET "/assets/application.self-c0b22e20fa0dc03dbffe44b6cbc2c6c32636aae7f65cd018899646abd096a45e.css?body=1&livereload=1599794429669" for ::1 at 2020-09-10 20:20:29 -0700
Started GET "/assets/application.self-c0b22e20fa0dc03dbffe44b6cbc2c6c32636aae7f65cd018899646abd096a45e.css?body=1&livereload=1599794429668" for ::1 at 2020-09-10 20:20:29 -0700
Started GET "/assets/application.self-c0b22e20fa0dc03dbffe44b6cbc2c6c32636aae7f65cd018899646abd096a45e.css?body=1&livereload=1599794467045" for ::1 at 2020-09-10 20:21:07 -0700
Started GET "/assets/application.self-c0b22e20fa0dc03dbffe44b6cbc2c6c32636aae7f65cd018899646abd096a45e.css?body=1&livereload=1599794467047" for ::1 at 2020-09-10 20:21:07 -0700
Started GET "/" for ::1 at 2020-09-10 20:22:23 -0700
Processing by StaticPagesController#index as HTML
  Rendering static_pages/index.html.erb within layouts/application
  Rendered shared/_main_nav.html.erb (0.1ms)
  Rendered shared/_masthead.html.erb (0.2ms)
  Rendered shared/_sections_nav.html.erb (0.1ms)
  Rendered shared/_search_modal.html.erb (0.1ms)
  Rendered shared/_main_content.html.erb (0.1ms)
  Rendered static_pages/index.html.erb within layouts/application (7.3ms)
Completed 200 OK in 28ms (Views: 26.2ms | ActiveRecord: 0.0ms)


Started GET "/assets/application.self-55ec3a20476b3220e959704454ba0258518eb1453aae63f90cf0d126ec89355b.css?body=1" for ::1 at 2020-09-10 20:22:23 -0700
Started GET "/" for ::1 at 2020-09-10 20:22:32 -0700
Processing by StaticPagesController#index as HTML
  Rendering static_pages/index.html.erb within layouts/application
  Rendered shared/_main_nav.html.erb (0.2ms)
  Rendered shared/_masthead.html.erb (0.2ms)
  Rendered shared/_sections_nav.html.erb (0.1ms)
  Rendered shared/_search_modal.html.erb (0.1ms)
  Rendered shared/_main_content.html.erb (0.1ms)
  Rendered static_pages/index.html.erb within layouts/application (7.0ms)
Completed 200 OK in 22ms (Views: 20.5ms | ActiveRecord: 0.0ms)


Started GET "/" for ::1 at 2020-09-10 20:23:34 -0700
Started GET "/" for ::1 at 2020-09-10 20:23:34 -0700
Processing by StaticPagesController#index as HTML
Processing by StaticPagesController#index as HTML
  Rendering static_pages/index.html.erb within layouts/application
  Rendering static_pages/index.html.erb within layouts/application
  Rendered shared/_main_nav.html.erb (0.3ms)
  Rendered shared/_main_nav.html.erb (0.1ms)
  Rendered shared/_masthead.html.erb (0.2ms)
  Rendered shared/_masthead.html.erb (0.0ms)
  Rendered shared/_sections_nav.html.erb (0.0ms)
  Rendered shared/_search_modal.html.erb (0.2ms)
  Rendered shared/_sections_nav.html.erb (0.1ms)
  Rendered shared/_search_modal.html.erb (0.0ms)
  Rendered shared/_main_content.html.erb (0.2ms)
  Rendered shared/_main_content.html.erb (0.0ms)
  Rendered static_pages/index.html.erb within layouts/application (15.2ms)
  Rendered static_pages/index.html.erb within layouts/application (12.9ms)
Completed 200 OK in 39ms (Views: 36.5ms | ActiveRecord: 0.0ms)


Completed 200 OK in 41ms (Views: 36.7ms | ActiveRecord: 0.0ms)


Started GET "/" for ::1 at 2020-09-10 20:24:44 -0700
Processing by StaticPagesController#index as HTML
  Rendering static_pages/index.html.erb within layouts/application
  Rendered shared/_main_nav.html.erb (0.2ms)
  Rendered shared/_masthead.html.erb (0.2ms)
  Rendered shared/_sections_nav.html.erb (0.2ms)
  Rendered shared/_search_modal.html.erb (0.2ms)
  Rendered shared/_main_content.html.erb (0.5ms)
  Rendered static_pages/index.html.erb within layouts/application (12.9ms)
Completed 200 OK in 28ms (Views: 26.2ms | ActiveRecord: 0.0ms)


Started GET "/" for ::1 at 2020-09-10 20:25:03 -0700
Processing by StaticPagesController#index as HTML
  Rendering static_pages/index.html.erb within layouts/application
  Rendered shared/_main_nav.html.erb (0.2ms)
  Rendered shared/_masthead.html.erb (0.2ms)
  Rendered shared/_sections_nav.html.erb (0.1ms)
  Rendered shared/_search_modal.html.erb (0.1ms)
  Rendered shared/_main_content.html.erb (0.2ms)
  Rendered static_pages/index.html.erb within layouts/application (7.6ms)
Completed 200 OK in 22ms (Views: 20.4ms | ActiveRecord: 0.0ms)


Started GET "/" for ::1 at 2020-09-10 20:25:25 -0700
Processing by StaticPagesController#index as HTML
  Rendering static_pages/index.html.erb within layouts/application
  Rendered shared/_main_nav.html.erb (0.5ms)
  Rendered shared/_masthead.html.erb (0.3ms)
  Rendered shared/_sections_nav.html.erb (0.3ms)
  Rendered shared/_search_modal.html.erb (0.3ms)
  Rendered shared/_main_content.html.erb (0.2ms)
  Rendered static_pages/index.html.erb within layouts/application (15.0ms)
Completed 200 OK in 31ms (Views: 29.1ms | ActiveRecord: 0.0ms)


Started GET "/" for ::1 at 2020-09-10 20:25:28 -0700
Started GET "/" for ::1 at 2020-09-10 20:25:28 -0700
Processing by StaticPagesController#index as HTML
Processing by StaticPagesController#index as HTML
  Rendering static_pages/index.html.erb within layouts/application
  Rendering static_pages/index.html.erb within layouts/application
  Rendered shared/_main_nav.html.erb (0.2ms)
  Rendered shared/_main_nav.html.erb (0.0ms)
  Rendered shared/_masthead.html.erb (0.2ms)
  Rendered shared/_masthead.html.erb (0.0ms)
  Rendered shared/_sections_nav.html.erb (0.1ms)
  Rendered shared/_sections_nav.html.erb (0.0ms)
  Rendered shared/_search_modal.html.erb (0.3ms)
  Rendered shared/_search_modal.html.erb (0.0ms)
  Rendered shared/_main_content.html.erb (0.0ms)
  Rendered static_pages/index.html.erb within layouts/application (13.4ms)
  Rendered shared/_main_content.html.erb (0.2ms)
  Rendered static_pages/index.html.erb within layouts/application (15.9ms)
Completed 200 OK in 40ms (Views: 36.4ms | ActiveRecord: 0.0ms)


Completed 200 OK in 47ms (Views: 43.0ms | ActiveRecord: 0.0ms)


Started GET "/" for ::1 at 2020-09-10 20:25:33 -0700
Processing by StaticPagesController#index as HTML
  Rendering static_pages/index.html.erb within layouts/application
  Rendered shared/_main_nav.html.erb (0.3ms)
  Rendered shared/_masthead.html.erb (0.4ms)
  Rendered shared/_sections_nav.html.erb (0.2ms)
  Rendered shared/_search_modal.html.erb (0.2ms)
  Rendered shared/_main_content.html.erb (0.2ms)
  Rendered static_pages/index.html.erb within layouts/application (12.9ms)
Completed 200 OK in 32ms (Views: 29.7ms | ActiveRecord: 0.0ms)


Started GET "/" for ::1 at 2020-09-10 20:26:09 -0700
Processing by StaticPagesController#index as HTML
  Rendering static_pages/index.html.erb within layouts/application
  Rendered shared/_main_nav.html.erb (0.2ms)
  Rendered shared/_masthead.html.erb (0.2ms)
  Rendered shared/_sections_nav.html.erb (0.1ms)
  Rendered shared/_search_modal.html.erb (0.1ms)
  Rendered shared/_main_content.html.erb (0.2ms)
  Rendered static_pages/index.html.erb within layouts/application (7.4ms)
Completed 200 OK in 21ms (Views: 19.7ms | ActiveRecord: 0.0ms)


Started GET "/" for ::1 at 2020-09-10 20:26:13 -0700
Processing by StaticPagesController#index as HTML
  Rendering static_pages/index.html.erb within layouts/application
  Rendered shared/_main_nav.html.erb (0.2ms)
  Rendered shared/_masthead.html.erb (0.2ms)
  Rendered shared/_sections_nav.html.erb (0.1ms)
  Rendered shared/_search_modal.html.erb (0.1ms)
  Rendered shared/_main_content.html.erb (0.2ms)
  Rendered static_pages/index.html.erb within layouts/application (7.4ms)
Completed 200 OK in 24ms (Views: 22.3ms | ActiveRecord: 0.0ms)


Started GET "/" for ::1 at 2020-09-10 20:26:44 -0700
Processing by StaticPagesController#index as HTML
  Rendering static_pages/index.html.erb within layouts/application
  Rendered shared/_main_nav.html.erb (0.2ms)
  Rendered shared/_masthead.html.erb (0.1ms)
  Rendered shared/_sections_nav.html.erb (0.2ms)
  Rendered shared/_search_modal.html.erb (0.2ms)
  Rendered shared/_main_content.html.erb (0.2ms)
  Rendered static_pages/index.html.erb within layouts/application (7.8ms)
Completed 200 OK in 21ms (Views: 19.1ms | ActiveRecord: 0.0ms)


Started GET "/" for ::1 at 2020-09-10 20:27:06 -0700
Processing by StaticPagesController#index as HTML
  Rendering static_pages/index.html.erb within layouts/application
  Rendered shared/_main_nav.html.erb (0.2ms)
  Rendered shared/_masthead.html.erb (0.2ms)
  Rendered shared/_sections_nav.html.erb (0.1ms)
  Rendered shared/_search_modal.html.erb (0.1ms)
  Rendered shared/_main_content.html.erb (0.2ms)
  Rendered static_pages/index.html.erb within layouts/application (7.2ms)
Completed 200 OK in 22ms (Views: 20.3ms | ActiveRecord: 0.0ms)


Started GET "/" for ::1 at 2020-09-10 20:28:14 -0700
Started GET "/" for ::1 at 2020-09-10 20:28:14 -0700
Processing by StaticPagesController#index as HTML
Processing by StaticPagesController#index as HTML
  Rendering static_pages/index.html.erb within layouts/application
  Rendering static_pages/index.html.erb within layouts/application
  Rendered shared/_main_nav.html.erb (0.3ms)
  Rendered shared/_main_nav.html.erb (0.0ms)
  Rendered shared/_masthead.html.erb (0.4ms)
  Rendered shared/_masthead.html.erb (0.0ms)
  Rendered shared/_sections_nav.html.erb (0.2ms)
  Rendered shared/_sections_nav.html.erb (0.0ms)
  Rendered shared/_search_modal.html.erb (0.2ms)
  Rendered shared/_search_modal.html.erb (0.0ms)
  Rendered shared/_main_content.html.erb (0.3ms)
  Rendered static_pages/index.html.erb within layouts/application (19.5ms)
  Rendered shared/_main_content.html.erb (0.0ms)
  Rendered static_pages/index.html.erb within layouts/application (27.8ms)
Completed 200 OK in 62ms (Views: 59.5ms | ActiveRecord: 0.0ms)


Completed 200 OK in 65ms (Views: 60.5ms | ActiveRecord: 0.0ms)


Started GET "/" for ::1 at 2020-09-10 20:28:17 -0700
Started GET "/" for ::1 at 2020-09-10 20:28:17 -0700
Processing by StaticPagesController#index as HTML
  Rendering static_pages/index.html.erb within layouts/application
Processing by StaticPagesController#index as HTML
  Rendered shared/_main_nav.html.erb (0.2ms)
  Rendering static_pages/index.html.erb within layouts/application
  Rendered shared/_masthead.html.erb (0.3ms)
  Rendered shared/_main_nav.html.erb (0.1ms)
  Rendered shared/_sections_nav.html.erb (0.2ms)
  Rendered shared/_masthead.html.erb (0.0ms)
  Rendered shared/_search_modal.html.erb (0.2ms)
  Rendered shared/_main_content.html.erb (0.1ms)
  Rendered static_pages/index.html.erb within layouts/application (18.9ms)
  Rendered shared/_sections_nav.html.erb (0.0ms)
  Rendered shared/_search_modal.html.erb (0.0ms)
  Rendered shared/_main_content.html.erb (0.0ms)
  Rendered static_pages/index.html.erb within layouts/application (12.8ms)
Completed 200 OK in 52ms (Views: 49.3ms | ActiveRecord: 0.0ms)


Completed 200 OK in 44ms (Views: 42.4ms | ActiveRecord: 0.0ms)


Started GET "/" for ::1 at 2020-09-10 20:29:27 -0700
Processing by StaticPagesController#index as HTML
  Rendering static_pages/index.html.erb within layouts/application
  Rendered shared/_main_nav.html.erb (0.2ms)
  Rendered shared/_masthead.html.erb (0.1ms)
  Rendered shared/_sections_nav.html.erb (0.1ms)
  Rendered shared/_search_modal.html.erb (0.1ms)
  Rendered shared/_main_content.html.erb (0.2ms)
  Rendered static_pages/index.html.erb within layouts/application (7.4ms)
Completed 200 OK in 24ms (Views: 22.0ms | ActiveRecord: 0.0ms)


Started GET "/" for ::1 at 2020-09-10 20:29:59 -0700
Processing by StaticPagesController#index as HTML
  Rendering static_pages/index.html.erb within layouts/application
  Rendered shared/_main_nav.html.erb (0.2ms)
  Rendered shared/_masthead.html.erb (0.2ms)
  Rendered shared/_sections_nav.html.erb (0.2ms)
  Rendered shared/_search_modal.html.erb (0.1ms)
  Rendered shared/_main_content.html.erb (0.1ms)
  Rendered static_pages/index.html.erb within layouts/application (7.5ms)
Completed 200 OK in 21ms (Views: 19.3ms | ActiveRecord: 0.0ms)


Started GET "/" for ::1 at 2020-09-10 20:31:11 -0700
Processing by StaticPagesController#index as HTML
  Rendering static_pages/index.html.erb within layouts/application
  Rendered shared/_main_nav.html.erb (0.1ms)
  Rendered shared/_masthead.html.erb (0.1ms)
  Rendered shared/_sections_nav.html.erb (0.1ms)
  Rendered shared/_search_modal.html.erb (0.2ms)
  Rendered shared/_main_content.html.erb (0.1ms)
  Rendered static_pages/index.html.erb within layouts/application (7.2ms)
Completed 200 OK in 21ms (Views: 19.2ms | ActiveRecord: 0.0ms)


Started GET "/" for ::1 at 2020-09-10 20:31:23 -0700
Processing by StaticPagesController#index as HTML
  Rendering static_pages/index.html.erb within layouts/application
  Rendered shared/_main_nav.html.erb (0.3ms)
  Rendered shared/_masthead.html.erb (0.3ms)
  Rendered shared/_sections_nav.html.erb (0.2ms)
  Rendered shared/_search_modal.html.erb (0.1ms)
  Rendered shared/_main_content.html.erb (0.1ms)
  Rendered static_pages/index.html.erb within layouts/application (8.5ms)
Completed 200 OK in 26ms (Views: 23.4ms | ActiveRecord: 0.0ms)


Started GET "/" for ::1 at 2020-09-10 20:31:58 -0700
Processing by StaticPagesController#index as HTML
  Rendering static_pages/index.html.erb within layouts/application
  Rendered shared/_main_nav.html.erb (0.3ms)
  Rendered shared/_masthead.html.erb (0.5ms)
  Rendered shared/_sections_nav.html.erb (0.3ms)
  Rendered shared/_search_modal.html.erb (0.4ms)
  Rendered shared/_main_content.html.erb (0.3ms)
  Rendered static_pages/index.html.erb within layouts/application (14.7ms)
Completed 200 OK in 39ms (Views: 33.8ms | ActiveRecord: 0.0ms)


Started GET "/" for ::1 at 2020-09-10 20:32:11 -0700
Processing by StaticPagesController#index as HTML
  Rendering static_pages/index.html.erb within layouts/application
  Rendered shared/_main_nav.html.erb (0.1ms)
  Rendered shared/_masthead.html.erb (0.1ms)
  Rendered shared/_sections_nav.html.erb (0.1ms)
  Rendered shared/_search_modal.html.erb (0.2ms)
  Rendered shared/_main_content.html.erb (0.1ms)
  Rendered static_pages/index.html.erb within layouts/application (7.1ms)
Completed 200 OK in 20ms (Views: 18.8ms | ActiveRecord: 0.0ms)


Started GET "/" for ::1 at 2020-09-10 20:32:20 -0700
Processing by StaticPagesController#index as HTML
  Rendering static_pages/index.html.erb within layouts/application
  Rendered shared/_main_nav.html.erb (0.1ms)
  Rendered shared/_masthead.html.erb (0.2ms)
  Rendered shared/_sections_nav.html.erb (0.1ms)
  Rendered shared/_search_modal.html.erb (0.2ms)
  Rendered shared/_main_content.html.erb (0.1ms)
  Rendered static_pages/index.html.erb within layouts/application (7.0ms)
Completed 200 OK in 21ms (Views: 19.1ms | ActiveRecord: 0.0ms)


Started GET "/" for ::1 at 2020-09-10 20:32:41 -0700
Processing by StaticPagesController#index as HTML
  Rendering static_pages/index.html.erb within layouts/application
  Rendered shared/_main_nav.html.erb (0.2ms)
  Rendered shared/_masthead.html.erb (0.2ms)
  Rendered shared/_sections_nav.html.erb (0.2ms)
  Rendered shared/_search_modal.html.erb (0.1ms)
  Rendered shared/_main_content.html.erb (0.2ms)
  Rendered static_pages/index.html.erb within layouts/application (7.5ms)
Completed 200 OK in 20ms (Views: 18.8ms | ActiveRecord: 0.0ms)


Started GET "/" for ::1 at 2020-09-10 20:32:47 -0700
Processing by StaticPagesController#index as HTML
  Rendering static_pages/index.html.erb within layouts/application
  Rendered shared/_main_nav.html.erb (0.4ms)
  Rendered shared/_masthead.html.erb (0.5ms)
  Rendered shared/_sections_nav.html.erb (0.2ms)
  Rendered shared/_search_modal.html.erb (0.2ms)
  Rendered shared/_main_content.html.erb (0.3ms)
  Rendered static_pages/index.html.erb within layouts/application (13.3ms)
Completed 200 OK in 39ms (Views: 35.0ms | ActiveRecord: 0.0ms)


Started GET "/" for ::1 at 2020-09-10 20:32:49 -0700
Processing by StaticPagesController#index as HTML
  Rendering static_pages/index.html.erb within layouts/application
  Rendered shared/_main_nav.html.erb (0.2ms)
  Rendered shared/_masthead.html.erb (0.2ms)
  Rendered shared/_sections_nav.html.erb (0.1ms)
  Rendered shared/_search_modal.html.erb (0.1ms)
  Rendered shared/_main_content.html.erb (0.1ms)
  Rendered static_pages/index.html.erb within layouts/application (7.6ms)
Completed 200 OK in 20ms (Views: 19.0ms | ActiveRecord: 0.0ms)


Started GET "/" for ::1 at 2020-09-10 20:32:58 -0700
Processing by StaticPagesController#index as HTML
  Rendering static_pages/index.html.erb within layouts/application
  Rendered shared/_main_nav.html.erb (0.2ms)
  Rendered shared/_masthead.html.erb (0.2ms)
  Rendered shared/_sections_nav.html.erb (0.1ms)
  Rendered shared/_search_modal.html.erb (0.2ms)
  Rendered shared/_main_content.html.erb (0.4ms)
  Rendered static_pages/index.html.erb within layouts/application (7.9ms)
Completed 200 OK in 23ms (Views: 21.3ms | ActiveRecord: 0.0ms)


Started GET "/" for ::1 at 2020-09-10 20:33:39 -0700
Processing by StaticPagesController#index as HTML
  Rendering static_pages/index.html.erb within layouts/application
  Rendered shared/_main_nav.html.erb (0.3ms)
  Rendered shared/_masthead.html.erb (7.7ms)
  Rendered shared/_sections_nav.html.erb (0.2ms)
  Rendered shared/_search_modal.html.erb (0.2ms)
  Rendered shared/_main_content.html.erb (0.3ms)
  Rendered static_pages/index.html.erb within layouts/application (18.9ms)
Completed 200 OK in 39ms (Views: 36.2ms | ActiveRecord: 0.0ms)


Started GET "/assets/application.self-55ec3a20476b3220e959704454ba0258518eb1453aae63f90cf0d126ec89355b.css?body=1&livereload=1599795348147" for ::1 at 2020-09-10 20:35:48 -0700
Started GET "/assets/application.self-55ec3a20476b3220e959704454ba0258518eb1453aae63f90cf0d126ec89355b.css?body=1&livereload=1599795348149" for ::1 at 2020-09-10 20:35:48 -0700
Started GET "/assets/application.self-55ec3a20476b3220e959704454ba0258518eb1453aae63f90cf0d126ec89355b.css?body=1&livereload=1599795360697" for ::1 at 2020-09-10 20:36:00 -0700
Started GET "/assets/application.self-55ec3a20476b3220e959704454ba0258518eb1453aae63f90cf0d126ec89355b.css?body=1&livereload=1599795360698" for ::1 at 2020-09-10 20:36:00 -0700
Started GET "/assets/application.self-55ec3a20476b3220e959704454ba0258518eb1453aae63f90cf0d126ec89355b.css?body=1&livereload=1599795362191" for ::1 at 2020-09-10 20:36:02 -0700
Started GET "/assets/application.self-55ec3a20476b3220e959704454ba0258518eb1453aae63f90cf0d126ec89355b.css?body=1&livereload=1599795362192" for ::1 at 2020-09-10 20:36:02 -0700
